<?xml version="1.0" encoding="UTF-8"?>
<!-- Generated by org.testng.reporters.JUnitReportReporter -->
<testsuite hostname="bbaece305230883baaaccbaafebfaone-0" failures="0" tests="3" name="runner.Testcase1" time="31.830" errors="0" timestamp="2023-09-19T06:58:56 UTC" skipped="0">
  <testcase classname="runner.Testcase1" name="TC_001" time="8.740"/>
  <testcase classname="runner.Testcase1" name="TC_002" time="11.678"/>
  <testcase classname="runner.Testcase1" name="TC_003" time="11.412"/>
</testsuite> <!-- runner.Testcase1 -->
